* Checking for deprecated package usage... OK
* Checking for remote package usage... OK
* Checking for 'LazyData: true' usage... OK
* Checking version number... OK
* Checking new package version number...
* WARNING: New package x version starting with non-zero value (e.g., 1.y.z, 2.y.z); got ‘1.99.1’.
* Checking R version dependency... OK
* Checking package size... OK
* Checking individual file sizes... OK
* Checking biocViews... OK
* Checking that biocViews are present... OK
* Checking build system compatibility... OK
* Checking for blank lines in DESCRIPTION... OK
* Checking if DESCRIPTION is well formatted... OK
* Checking for proper Description: field...
* WARNING: Description field in the DESCRIPTION file is too concise
* Checking for whitespace in DESCRIPTION field names... OK
* Checking that Package field matches directory/tarball name...
* ERROR: Package directory 'R' must match Package: field (got 'mapper').
* Checking License: for restrictive use... OK
* Checking for recommended DESCRIPTION fields...
* NOTE: Provide 'URL', 'BugReports' field(s) in DESCRIPTION
* Checking for Bioconductor software dependencies...
* WARNING: No Bioconductor dependencies detected. Note that some
            infrastructure packages may not have Bioconductor dependencies.
            For more information, reach out to the Bioconductor community
            and/or consider a CRAN submission.
* Checking for pinned package versions in DESCRIPTION... OK
* Checking .Rbuildignore... OK
* Checking for stray BiocCheck output folders... OK
* Checking for inst/doc folders... OK
* Checking vignette directory...
* WARNING: Package listed as VignetteEngine or VignetteBuilder but not currently Suggested. 
Add the following to Suggests in DESCRIPTION:
knitr
* WARNING: Evaluate more vignette chunks.
* NOTE:  'sessionInfo' not found in vignette(s)
Missing from file(s):
vignettes/vignette.Rmd
* Checking package installation calls in R code... OK
* Checking for library/require of mapper... OK
* Checking coding practice... OK
* Checking parsed R code in R directory, examples, vignettes... OK
* Checking function lengths... OK
* Checking man page documentation... OK
* Checking package NEWS...
* NOTE: Consider adding a NEWS file, so your package news will be included in Bioconductor release announcements.
* Checking unit tests...
* NOTE: Consider adding unit tests. We strongly encourage them. See
  https://contributions.bioconductor.org/tests.html
* Checking skip_on_bioc() in tests... OK
* Checking formatting of DESCRIPTION, NAMESPACE, man pages, R source, and vignette source...
* NOTE: Consider shorter lines; 5 lines (10%) are > 80 characters long.
First few lines:
vignettes/vignette.Rmd#L5 title: "mapper: A wrapper of `purrr` and ...
vignettes/vignette.Rmd#L15 # A wrapper of `purrr` and `furrr` packa ...
vignettes/vignette.Rmd#L16 ## You just need to change `map` functio ...
vignettes/vignette.Rmd#L21 The goal of mapper is to using furrr map ...
vignettes/vignette.Rmd#L43 # mapper: default cores are total cores  ...
* NOTE: Consider multiples of 4 spaces for line indents; 4 lines (8%) are not.
First few lines:
vignettes/vignette.Rmd#L45   map(rnorm, n = 10) ...
vignettes/vignette.Rmd#L48   mapper(rnorm, n = 10, workers = 2) ...
vignettes/vignette.Rmd#L52   future_mapper(rnorm, n = 10, .options  ...
vignettes/vignette.Rmd#L53   future_mapper_dbl(mean, workers = 4) ...
* Checking if package already exists in CRAN... OK
* Checking if new package already exists in Bioconductor... OK
* Checking for bioc-devel mailing list subscription...
* NOTE: Cannot determine whether maintainer is subscribed to the Bioc-Devel mailing list (requires admin credentials). Subscribe here: https://stat.ethz.ch/mailman/listinfo/bioc-devel
* Checking for support site registration...
* ERROR: Add package to Watched Tags in your Support Site profile; visit https://support.bioconductor.org/accounts/edit/profile
* Checking package type based on biocViews... OK
* Checking for non-trivial biocViews... OK
* Checking that biocViews come from the same category... OK
* Checking biocViews validity... OK
* Checking for recommended biocViews... OK
